<?xml version="1.0" encoding="UTF-8"?>
<testsuite name="FindMaximumTest" tests="1" skipped="1" failures="0" errors="0" timestamp="2020-09-23T14:55:19" hostname="DESKTOP-JVE4C36" time="165.275">
  <properties/>
  <testcase name="givingString_shouldReturnMax" classname="FindMaximumTest" time="165.275">
    <skipped/>
  </testcase>
  <system-out><![CDATA[]]></system-out>
  <system-err><![CDATA[]]></system-err>
</testsuite>
