<?xml version="1.0" encoding="UTF-8"?>
<testsuite name="FindMaximumTest" tests="12" skipped="0" failures="0" errors="0" timestamp="2020-09-23T15:51:43" hostname="DESKTOP-JVE4C36" time="0.04">
  <properties/>
  <testcase name="givingString_shouldReturnMax_secondPlace" classname="FindMaximumTest" time="0.003"/>
  <testcase name="givingDouble_shouldReturnMax_SecondPlace" classname="FindMaximumTest" time="0.0"/>
  <testcase name="givingString_shouldReturnMax" classname="FindMaximumTest" time="0.016"/>
  <testcase name="givingDouble_shouldReturnMax_FirstPlace" classname="FindMaximumTest" time="0.0"/>
  <testcase name="givingString_shouldReturnMax_thirdPlace" classname="FindMaximumTest" time="0.0"/>
  <testcase name="givingNumbers_shouldReturnMax" classname="FindMaximumTest" time="0.002"/>
  <testcase name="givingNumbers_shouldReturnMax_ThirdPlace" classname="FindMaximumTest" time="0.002"/>
  <testcase name="givingString_shouldReturnMax_firstPlace" classname="FindMaximumTest" time="0.001"/>
  <testcase name="givingNumbers_shouldReturnMax_FirstPlace" classname="FindMaximumTest" time="0.001"/>
  <testcase name="givingDouble_shouldReturnMax" classname="FindMaximumTest" time="0.005"/>
  <testcase name="givingNumbers_shouldReturnMax_SecondPlace" classname="FindMaximumTest" time="0.0"/>
  <testcase name="givingDouble_shouldReturnMax_ThirdPlace" classname="FindMaximumTest" time="0.0"/>
  <system-out><![CDATA[Maximum Value : Strawberrie
Maximum Value : 79
Maximum Value : 83.3
]]></system-out>
  <system-err><![CDATA[]]></system-err>
</testsuite>
